12:42:04.408 [main] DEBUG org.testng.TestNG - suiteXmlPath: "C:\automation_projects\HAF_OPENCART\master.xml"
12:42:04.825 [main] INFO  org.testng.internal.Utils - [TestNG] Running:
  C:\automation_projects\HAF_OPENCART\master.xml

12:42:10.412 [main] DEBUG org.apache.poi.openxml4j.opc.PackageRelationshipCollection - Parsing relationship: /xl/_rels/workbook.xml.rels
12:42:10.417 [main] DEBUG org.apache.poi.openxml4j.opc.PackageRelationshipCollection - Parsing relationship: /xl/worksheets/_rels/sheet1.xml.rels
12:42:10.421 [main] DEBUG org.apache.poi.openxml4j.opc.PackageRelationshipCollection - Parsing relationship: /_rels/.rels
12:42:11.238 [main] DEBUG org.apache.poi.openxml4j.opc.PackageRelationshipCollection - Parsing relationship: /xl/_rels/workbook.xml.rels
12:42:11.240 [main] DEBUG org.apache.poi.openxml4j.opc.PackageRelationshipCollection - Parsing relationship: /xl/worksheets/_rels/sheet1.xml.rels
12:42:11.242 [main] DEBUG org.apache.poi.openxml4j.opc.PackageRelationshipCollection - Parsing relationship: /_rels/.rels
12:42:11.286 [main] DEBUG org.apache.poi.openxml4j.opc.PackageRelationshipCollection - Parsing relationship: /xl/_rels/workbook.xml.rels
12:42:11.288 [main] DEBUG org.apache.poi.openxml4j.opc.PackageRelationshipCollection - Parsing relationship: /xl/worksheets/_rels/sheet1.xml.rels
12:42:11.290 [main] DEBUG org.apache.poi.openxml4j.opc.PackageRelationshipCollection - Parsing relationship: /_rels/.rels
12:42:11.340 [main] DEBUG org.apache.poi.openxml4j.opc.PackageRelationshipCollection - Parsing relationship: /xl/_rels/workbook.xml.rels
12:42:11.342 [main] DEBUG org.apache.poi.openxml4j.opc.PackageRelationshipCollection - Parsing relationship: /xl/worksheets/_rels/sheet1.xml.rels
12:42:11.343 [main] DEBUG org.apache.poi.openxml4j.opc.PackageRelationshipCollection - Parsing relationship: /_rels/.rels
12:42:11.378 [main] DEBUG org.apache.poi.openxml4j.opc.PackageRelationshipCollection - Parsing relationship: /xl/_rels/workbook.xml.rels
12:42:11.379 [main] DEBUG org.apache.poi.openxml4j.opc.PackageRelationshipCollection - Parsing relationship: /xl/worksheets/_rels/sheet1.xml.rels
12:42:11.380 [main] DEBUG org.apache.poi.openxml4j.opc.PackageRelationshipCollection - Parsing relationship: /_rels/.rels
12:42:11.418 [main] DEBUG org.apache.poi.openxml4j.opc.PackageRelationshipCollection - Parsing relationship: /xl/_rels/workbook.xml.rels
12:42:11.420 [main] DEBUG org.apache.poi.openxml4j.opc.PackageRelationshipCollection - Parsing relationship: /xl/worksheets/_rels/sheet1.xml.rels
12:42:11.421 [main] DEBUG org.apache.poi.openxml4j.opc.PackageRelationshipCollection - Parsing relationship: /_rels/.rels
12:42:11.455 [main] DEBUG org.apache.poi.openxml4j.opc.PackageRelationshipCollection - Parsing relationship: /xl/_rels/workbook.xml.rels
12:42:11.456 [main] DEBUG org.apache.poi.openxml4j.opc.PackageRelationshipCollection - Parsing relationship: /xl/worksheets/_rels/sheet1.xml.rels
12:42:11.457 [main] DEBUG org.apache.poi.openxml4j.opc.PackageRelationshipCollection - Parsing relationship: /_rels/.rels
12:42:11.491 [main] DEBUG org.apache.poi.openxml4j.opc.PackageRelationshipCollection - Parsing relationship: /xl/_rels/workbook.xml.rels
12:42:11.493 [main] DEBUG org.apache.poi.openxml4j.opc.PackageRelationshipCollection - Parsing relationship: /xl/worksheets/_rels/sheet1.xml.rels
12:42:11.494 [main] DEBUG org.apache.poi.openxml4j.opc.PackageRelationshipCollection - Parsing relationship: /_rels/.rels
12:42:11.523 [main] DEBUG org.apache.poi.openxml4j.opc.PackageRelationshipCollection - Parsing relationship: /xl/_rels/workbook.xml.rels
12:42:11.524 [main] DEBUG org.apache.poi.openxml4j.opc.PackageRelationshipCollection - Parsing relationship: /xl/worksheets/_rels/sheet1.xml.rels
12:42:11.525 [main] DEBUG org.apache.poi.openxml4j.opc.PackageRelationshipCollection - Parsing relationship: /_rels/.rels
12:42:11.552 [main] DEBUG org.apache.poi.openxml4j.opc.PackageRelationshipCollection - Parsing relationship: /xl/_rels/workbook.xml.rels
12:42:11.553 [main] DEBUG org.apache.poi.openxml4j.opc.PackageRelationshipCollection - Parsing relationship: /xl/worksheets/_rels/sheet1.xml.rels
12:42:11.555 [main] DEBUG org.apache.poi.openxml4j.opc.PackageRelationshipCollection - Parsing relationship: /_rels/.rels
12:42:11.579 [main] DEBUG org.apache.poi.openxml4j.opc.PackageRelationshipCollection - Parsing relationship: /xl/_rels/workbook.xml.rels
12:42:11.580 [main] DEBUG org.apache.poi.openxml4j.opc.PackageRelationshipCollection - Parsing relationship: /xl/worksheets/_rels/sheet1.xml.rels
12:42:11.581 [main] DEBUG org.apache.poi.openxml4j.opc.PackageRelationshipCollection - Parsing relationship: /_rels/.rels
12:42:11.609 [main] DEBUG org.apache.poi.openxml4j.opc.PackageRelationshipCollection - Parsing relationship: /xl/_rels/workbook.xml.rels
12:42:11.610 [main] DEBUG org.apache.poi.openxml4j.opc.PackageRelationshipCollection - Parsing relationship: /xl/worksheets/_rels/sheet1.xml.rels
12:42:11.611 [main] DEBUG org.apache.poi.openxml4j.opc.PackageRelationshipCollection - Parsing relationship: /_rels/.rels
12:42:11.637 [main] DEBUG org.apache.poi.openxml4j.opc.PackageRelationshipCollection - Parsing relationship: /xl/_rels/workbook.xml.rels
12:42:11.638 [main] DEBUG org.apache.poi.openxml4j.opc.PackageRelationshipCollection - Parsing relationship: /xl/worksheets/_rels/sheet1.xml.rels
12:42:11.639 [main] DEBUG org.apache.poi.openxml4j.opc.PackageRelationshipCollection - Parsing relationship: /_rels/.rels
12:42:11.663 [main] DEBUG org.apache.poi.openxml4j.opc.PackageRelationshipCollection - Parsing relationship: /xl/_rels/workbook.xml.rels
12:42:11.664 [main] DEBUG org.apache.poi.openxml4j.opc.PackageRelationshipCollection - Parsing relationship: /xl/worksheets/_rels/sheet1.xml.rels
12:42:11.665 [main] DEBUG org.apache.poi.openxml4j.opc.PackageRelationshipCollection - Parsing relationship: /_rels/.rels
12:42:11.688 [main] DEBUG org.apache.poi.openxml4j.opc.PackageRelationshipCollection - Parsing relationship: /xl/_rels/workbook.xml.rels
12:42:11.689 [main] DEBUG org.apache.poi.openxml4j.opc.PackageRelationshipCollection - Parsing relationship: /xl/worksheets/_rels/sheet1.xml.rels
12:42:11.690 [main] DEBUG org.apache.poi.openxml4j.opc.PackageRelationshipCollection - Parsing relationship: /_rels/.rels
12:42:11.712 [main] DEBUG org.apache.poi.openxml4j.opc.PackageRelationshipCollection - Parsing relationship: /xl/_rels/workbook.xml.rels
12:42:11.712 [main] DEBUG org.apache.poi.openxml4j.opc.PackageRelationshipCollection - Parsing relationship: /xl/worksheets/_rels/sheet1.xml.rels
12:42:11.714 [main] DEBUG org.apache.poi.openxml4j.opc.PackageRelationshipCollection - Parsing relationship: /_rels/.rels
12:42:11.735 [main] DEBUG org.apache.poi.openxml4j.opc.PackageRelationshipCollection - Parsing relationship: /xl/_rels/workbook.xml.rels
12:42:11.736 [main] DEBUG org.apache.poi.openxml4j.opc.PackageRelationshipCollection - Parsing relationship: /xl/worksheets/_rels/sheet1.xml.rels
12:42:11.737 [main] DEBUG org.apache.poi.openxml4j.opc.PackageRelationshipCollection - Parsing relationship: /_rels/.rels
12:42:11.782 [main] INFO  testCases.TC_002_LoginDDT - ******Starting TC_002_LoginDDT*******
12:42:15.140 [main] INFO  testCases.TC_002_LoginDDT - ******finished TC_002_LoginDDT*******
12:42:15.158 [main] INFO  testCases.TC_002_LoginDDT - ******Starting TC_002_LoginDDT*******
12:42:27.167 [main] INFO  testCases.TC_002_LoginDDT - ******finished TC_002_LoginDDT*******
12:42:27.167 [main] INFO  testCases.TC_002_LoginDDT - ******Starting TC_002_LoginDDT*******
12:42:39.682 [main] INFO  testCases.TC_002_LoginDDT - ******Starting TC_002_LoginDDT*******
12:42:43.514 [main] INFO  testCases.TC_002_LoginDDT - ******finished TC_002_LoginDDT*******
12:42:43.519 [main] INFO  testCases.TC_002_LoginDDT - ******Starting TC_002_LoginDDT*******
16:42:58.612 [main] DEBUG org.testng.TestNG - suiteXmlPath: "C:\automation_projects\HAF_OPENCART\grouping.xml"
16:42:59.060 [main] INFO  org.testng.internal.Utils - [TestNG] Running:
  C:\automation_projects\HAF_OPENCART\grouping.xml

16:44:06.861 [main] DEBUG org.testng.TestNG - suiteXmlPath: "C:\automation_projects\HAF_OPENCART\grouping.xml"
16:44:07.336 [main] INFO  org.testng.internal.Utils - [TestNG] Running:
  C:\automation_projects\HAF_OPENCART\grouping.xml

16:44:12.964 [main] INFO  testCases.TC_001_AccountRegistrationTest - *****starting TC_001_AccountRegistrationTest****** 
16:44:13.244 [main] INFO  testCases.TC_001_AccountRegistrationTest - clicked on myAccount link
16:44:14.171 [main] INFO  testCases.TC_001_AccountRegistrationTest - clicked on Register link
16:44:14.174 [main] INFO  testCases.TC_001_AccountRegistrationTest - Providing customer details....
16:44:16.914 [main] INFO  testCases.TC_001_AccountRegistrationTest - validating expected results....
16:44:17.011 [main] INFO  testCases.TC_001_AccountRegistrationTest - *****finished TC_001_AccountRegistrationTest****** 
16:44:23.216 [main] INFO  testCases.TC_002_LoginTest - **** Starting TC_002_LoginTest**** 
16:44:25.840 [main] INFO  testCases.TC_002_LoginTest - **** finished  TC_002_LoginTest**** 
16:56:14.117 [main] DEBUG org.testng.TestNG - suiteXmlPath: "C:\automation_projects\HAF_OPENCART\grouping.xml"
16:56:14.583 [main] INFO  org.testng.internal.Utils - [TestNG] Running:
  C:\automation_projects\HAF_OPENCART\grouping.xml

16:56:19.671 [main] INFO  testCases.TC_001_AccountRegistrationTest - *****starting TC_001_AccountRegistrationTest****** 
16:56:19.932 [main] INFO  testCases.TC_001_AccountRegistrationTest - clicked on myAccount link
16:56:21.001 [main] INFO  testCases.TC_001_AccountRegistrationTest - clicked on Register link
16:56:21.006 [main] INFO  testCases.TC_001_AccountRegistrationTest - Providing customer details....
16:56:23.665 [main] INFO  testCases.TC_001_AccountRegistrationTest - validating expected results....
16:56:23.765 [main] INFO  testCases.TC_001_AccountRegistrationTest - *****finished TC_001_AccountRegistrationTest****** 
16:56:29.823 [main] INFO  testCases.TC_002_LoginTest - **** Starting TC_002_LoginTest**** 
16:56:32.531 [main] INFO  testCases.TC_002_LoginTest - **** finished  TC_002_LoginTest**** 
